<?xml version="1.0" encoding="UTF-8"?>
<!-- Generated by org.testng.reporters.JUnitXMLReporter -->
<testsuite ignored="2" hostname="DESKTOP-7KBB9M5" failures="1" tests="1" name="Test" time="4.246" errors="0" timestamp="03 Aug 2022 06:55:26 GMT">
  <testcase classname="com.swaglabs.tests.SauceLabLoginPageTests" name="loginTest" time="0.787">
    <failure type="java.lang.AssertionError" message="expected [Swag Las] but found [Swag Labs]">
      <![CDATA[java.lang.AssertionError: expected [Swag Las] but found [Swag Labs]
at com.swaglabs.tests.SauceLabLoginPageTests.loginTest(SauceLabLoginPageTests.java:28)
... Removed 31 stack frames]]>
    </failure>
  </testcase> <!-- loginTest -->
  <testcase classname="com.swaglabs.tests.BaseTest" name="@AfterSuite afterSuite" time="0.0">
    <ignored/>
  </testcase> <!-- @AfterSuite afterSuite -->
  <testcase classname="com.swaglabs.tests.BaseTest" name="@BeforeSuite beforeSuite" time="0.0">
    <ignored/>
  </testcase> <!-- @BeforeSuite beforeSuite -->
</testsuite> <!-- Test -->
