<?xml version="1.0" encoding="UTF-8"?>
<testng-results ignored="2" total="3" passed="0" failed="1" skipped="0">
  <reporter-output>
  </reporter-output>
  <suite started-at="2022-08-03T06:55:22Z" name="Suite" finished-at="2022-08-03T06:55:26Z" duration-ms="4246">
    <groups>
    </groups>
    <test started-at="2022-08-03T06:55:22Z" name="Test" finished-at="2022-08-03T06:55:26Z" duration-ms="4246">
      <class name="com.swaglabs.tests.SauceLabLoginPageTests">
        <test-method is-config="true" signature="beforeSuite()[pri:0, instance:com.swaglabs.tests.SauceLabLoginPageTests@1f75a668]" started-at="2022-08-03T06:55:22Z" name="beforeSuite" finished-at="2022-08-03T06:55:22Z" duration-ms="206" status="PASS">
          <reporter-output>
          </reporter-output>
        </test-method> <!-- beforeSuite -->
        <test-method is-config="true" signature="setUp()[pri:0, instance:com.swaglabs.tests.SauceLabLoginPageTests@1f75a668]" started-at="2022-08-03T06:55:22Z" name="setUp" finished-at="2022-08-03T06:55:26Z" duration-ms="3290" status="PASS">
          <reporter-output>
          </reporter-output>
        </test-method> <!-- setUp -->
        <test-method signature="loginTest()[pri:0, instance:com.swaglabs.tests.SauceLabLoginPageTests@1f75a668]" started-at="2022-08-03T06:55:26Z" name="loginTest" finished-at="2022-08-03T06:55:26Z" duration-ms="787" status="FAIL">
          <exception class="java.lang.AssertionError">
            <message>
              <![CDATA[expected [Swag Las] but found [Swag Labs]]]>
            </message>
            <full-stacktrace>
              <![CDATA[java.lang.AssertionError: expected [Swag Las] but found [Swag Labs]
at org.testng.Assert.fail(Assert.java:96)
at org.testng.Assert.failNotEquals(Assert.java:776)
at org.testng.Assert.assertEqualsImpl(Assert.java:137)
at org.testng.Assert.assertEquals(Assert.java:118)
at org.testng.Assert.assertEquals(Assert.java:453)
at org.testng.Assert.assertEquals(Assert.java:463)
at com.swaglabs.tests.SauceLabLoginPageTests.loginTest(SauceLabLoginPageTests.java:28)
at java.base/jdk.internal.reflect.NativeMethodAccessorImpl.invoke0(Native Method)
at java.base/jdk.internal.reflect.NativeMethodAccessorImpl.invoke(NativeMethodAccessorImpl.java:62)
at java.base/jdk.internal.reflect.DelegatingMethodAccessorImpl.invoke(DelegatingMethodAccessorImpl.java:43)
at java.base/java.lang.reflect.Method.invoke(Method.java:566)
at org.testng.internal.MethodInvocationHelper.invokeMethod(MethodInvocationHelper.java:124)
at org.testng.internal.Invoker.invokeMethod(Invoker.java:583)
at org.testng.internal.Invoker.invokeTestMethod(Invoker.java:719)
at org.testng.internal.Invoker.invokeTestMethods(Invoker.java:989)
at org.testng.internal.TestMethodWorker.invokeTestMethods(TestMethodWorker.java:125)
at org.testng.internal.TestMethodWorker.run(TestMethodWorker.java:109)
at org.testng.TestRunner.privateRun(TestRunner.java:648)
at org.testng.TestRunner.run(TestRunner.java:505)
at org.testng.SuiteRunner.runTest(SuiteRunner.java:455)
at org.testng.SuiteRunner.runSequentially(SuiteRunner.java:450)
at org.testng.SuiteRunner.privateRun(SuiteRunner.java:415)
at org.testng.SuiteRunner.run(SuiteRunner.java:364)
at org.testng.SuiteRunnerWorker.runSuite(SuiteRunnerWorker.java:52)
at org.testng.SuiteRunnerWorker.run(SuiteRunnerWorker.java:84)
at org.testng.TestNG.runSuitesSequentially(TestNG.java:1208)
at org.testng.TestNG.runSuitesLocally(TestNG.java:1137)
at org.testng.TestNG.runSuites(TestNG.java:1049)
at org.testng.TestNG.run(TestNG.java:1017)
at org.testng.remote.AbstractRemoteTestNG.run(AbstractRemoteTestNG.java:115)
at org.testng.remote.RemoteTestNG.initAndRun(RemoteTestNG.java:251)
at org.testng.remote.RemoteTestNG.main(RemoteTestNG.java:77)
]]>
            </full-stacktrace>
          </exception> <!-- java.lang.AssertionError -->
          <reporter-output>
          </reporter-output>
        </test-method> <!-- loginTest -->
        <test-method is-config="true" signature="tearDown()[pri:0, instance:com.swaglabs.tests.SauceLabLoginPageTests@1f75a668]" started-at="2022-08-03T06:55:26Z" name="tearDown" finished-at="2022-08-03T06:55:26Z" duration-ms="0" status="PASS">
          <reporter-output>
          </reporter-output>
        </test-method> <!-- tearDown -->
        <test-method is-config="true" signature="afterSuite()[pri:0, instance:com.swaglabs.tests.SauceLabLoginPageTests@1f75a668]" started-at="2022-08-03T06:55:26Z" name="afterSuite" finished-at="2022-08-03T06:55:27Z" duration-ms="735" status="PASS">
          <reporter-output>
          </reporter-output>
        </test-method> <!-- afterSuite -->
      </class> <!-- com.swaglabs.tests.SauceLabLoginPageTests -->
    </test> <!-- Test -->
  </suite> <!-- Suite -->
</testng-results>
